<?xml version="1.0" encoding="UTF-8" ?>
<testsuite tests="6" failures="0" name="com.unit.ScubaTest" time="0" errors="0" skipped="0">
  <properties>
[...]
</properties>
  <testcase classname="com.unit.ScubaTest" name="com.unit.ScubaTest.testgetBounds" time="0"/>
  <testcase classname="com.unit.ScubaTest" name="com.unit.ScubaTest.testScubaTrackTurtleLEFT" time="0"/>
  <testcase classname="com.unit.ScubaTest" name="com.unit.ScubaTest.testScubaTrackTurtleDOWN" time="0"/>
  <testcase classname="com.unit.ScubaTest" name="com.unit.ScubaTest.testScubaTrackTurtleUP" time="0"/>
  <testcase classname="com.unit.ScubaTest" name="com.unit.ScubaTest.testScubaTrackTurtleRIGHT" time="0"/>
  <testcase classname="com.unit.ScubaTest" name="com.unit.ScubaTest.testDefaultPosition" time="0"/>
</testsuite>