<?xml version="1.0" encoding="UTF-8" ?>
<testsuite tests="1" failures="1" name="com.unit.RegularRewardTest" time="0.018" errors="0" skipped="0">
  <properties>
[...]
</properties>
  <testcase classname="com.unit.RegularRewardTest" name="com.unit.RegularRewardTest.testSetWorms" time="0.018">
    <failure message="expected: &lt;0&gt; but was: &lt;1&gt;" type="org.opentest4j.AssertionFailedError">org.opentest4j.AssertionFailedError: expected: &lt;0&gt; but was: &lt;1&gt;
	at org.junit.jupiter.api.AssertionUtils.fail(AssertionUtils.java:55)
	at org.junit.jupiter.api.AssertionUtils.failNotEqual(AssertionUtils.java:62)
	at org.junit.jupiter.api.AssertEquals.assertEquals(AssertEquals.java:150)
	at org.junit.jupiter.api.AssertEquals.assertEquals(AssertEquals.java:145)
	at org.junit.jupiter.api.Assertions.assertEquals(Assertions.java:510)
	at com.unit.RegularRewardTest.testSetWorms(RegularRewardTest.java:61)
</failure>
    <system-err>Could not load image
Could not load image
Could not load image
</system-err>
  </testcase>
</testsuite>